<?xml version="1.0" encoding="UTF-8"?>
<testng-results skipped="0" failed="0" ignored="0" total="2" passed="2">
  <reporter-output>
  </reporter-output>
  <suite name="Default suite" duration-ms="16702" started-at="2020-01-06T14:38:06Z" finished-at="2020-01-06T14:38:22Z">
    <groups>
    </groups>
    <test name="Default test" duration-ms="16702" started-at="2020-01-06T14:38:06Z" finished-at="2020-01-06T14:38:22Z">
      <class name="EdurekaMain.Test1">
        <test-method status="PASS" signature="Test12()[pri:0, instance:EdurekaMain.Test1@2f686d1f]" name="Test12" duration-ms="13651" started-at="2020-01-06T14:38:06Z" finished-at="2020-01-06T14:38:19Z">
          <reporter-output>
          </reporter-output>
        </test-method> <!-- Test12 -->
        <test-method status="PASS" signature="Test22()[pri:0, instance:EdurekaMain.Test1@2f686d1f]" name="Test22" duration-ms="2995" started-at="2020-01-06T14:38:19Z" finished-at="2020-01-06T14:38:22Z">
          <reporter-output>
          </reporter-output>
        </test-method> <!-- Test22 -->
      </class> <!-- EdurekaMain.Test1 -->
    </test> <!-- Default test -->
  </suite> <!-- Default suite -->
</testng-results>
